# JRE version: OpenJDK Runtime Environment (11.0.12+7) (build 11.0.12+7-b1504.28-7817840)
# Java VM: OpenJDK 64-Bit Server VM (11.0.12+7-b1504.28-7817840, mixed mode, tiered, compressed oops, g1 gc, windows-amd64)
Heap:
 garbage-first heap   total 246784K, used 166317K [0x00000000a0000000, 0x0000000100000000)
  region size 1024K, 24 young (24576K), 5 survivors (5120K)
 Metaspace       used 83448K, capacity 87017K, committed 87168K, reserved 1124352K
  class space    used 10919K, capacity 12070K, committed 12160K, reserved 1048576K
GC Heap History (20 events):
Event: 69.753 GC heap before
{Heap before GC invocations=86 (full 0):
 garbage-first heap   total 139264K, used 134308K [0x00000000a0000000, 0x0000000100000000)
  region size 1024K, 6 young (6144K), 1 survivors (1024K)
 Metaspace       used 79137K, capacity 82445K, committed 82560K, reserved 1120256K
  class space    used 10306K, capacity 11351K, committed 11392K, reserved 1048576K
}
Event: 69.757 GC heap after
{Heap after GC invocations=87 (full 0):
 garbage-first heap   total 139264K, used 129634K [0x00000000a0000000, 0x0000000100000000)
  region size 1024K, 1 young (1024K), 1 survivors (1024K)
 Metaspace       used 79137K, capacity 82445K, committed 82560K, reserved 1120256K
  class space    used 10306K, capacity 11351K, committed 11392K, reserved 1048576K
}
Event: 69.944 GC heap before
{Heap before GC invocations=87 (full 0):
 garbage-first heap   total 139264K, used 134754K [0x00000000a0000000, 0x0000000100000000)
  region size 1024K, 6 young (6144K), 1 survivors (1024K)
 Metaspace       used 79611K, capacity 82893K, committed 83200K, reserved 1120256K
  class space    used 10371K, capacity 11415K, committed 11520K, reserved 1048576K
}
Event: 69.948 GC heap after
{Heap after GC invocations=88 (full 0):
 garbage-first heap   total 139264K, used 129918K [0x00000000a0000000, 0x0000000100000000)
  region size 1024K, 1 young (1024K), 1 survivors (1024K)
 Metaspace       used 79611K, capacity 82893K, committed 83200K, reserved 1120256K
  class space    used 10371K, capacity 11415K, committed 11520K, reserved 1048576K
}
Event: 70.102 GC heap before
{Heap before GC invocations=89 (full 0):
 garbage-first heap   total 139264K, used 134014K [0x00000000a0000000, 0x0000000100000000)
  region size 1024K, 6 young (6144K), 1 survivors (1024K)
 Metaspace       used 79957K, capacity 83278K, committed 83456K, reserved 1122304K
  class space    used 10428K, capacity 11479K, committed 11520K, reserved 1048576K
}
Event: 70.106 GC heap after
{Heap after GC invocations=90 (full 0):
 garbage-first heap   total 139264K, used 130356K [0x00000000a0000000, 0x0000000100000000)
  region size 1024K, 1 young (1024K), 1 survivors (1024K)
 Metaspace       used 79957K, capacity 83278K, committed 83456K, reserved 1122304K
  class space    used 10428K, capacity 11479K, committed 11520K, reserved 1048576K
}
Event: 70.203 GC heap before
{Heap before GC invocations=90 (full 0):
 garbage-first heap   total 139264K, used 135476K [0x00000000a0000000, 0x0000000100000000)
  region size 1024K, 6 young (6144K), 1 survivors (1024K)
 Metaspace       used 80250K, capacity 83565K, committed 83712K, reserved 1122304K
  class space    used 10457K, capacity 11487K, committed 11520K, reserved 1048576K
}
Event: 70.208 GC heap after
{Heap after GC invocations=91 (full 0):
 garbage-first heap   total 173056K, used 131180K [0x00000000a0000000, 0x0000000100000000)
  region size 1024K, 1 young (1024K), 1 survivors (1024K)
 Metaspace       used 80250K, capacity 83565K, committed 83712K, reserved 1122304K
  class space    used 10457K, capacity 11487K, committed 11520K, reserved 1048576K
}
Event: 70.548 GC heap before
{Heap before GC invocations=92 (full 0):
 garbage-first heap   total 173056K, used 142444K [0x00000000a0000000, 0x0000000100000000)
  region size 1024K, 12 young (12288K), 1 survivors (1024K)
 Metaspace       used 80747K, capacity 84064K, committed 84352K, reserved 1122304K
  class space    used 10520K, capacity 11561K, committed 11648K, reserved 1048576K
}
Event: 70.557 GC heap after
{Heap after GC invocations=93 (full 0):
 garbage-first heap   total 173056K, used 132733K [0x00000000a0000000, 0x0000000100000000)
  region size 1024K, 2 young (2048K), 2 survivors (2048K)
 Metaspace       used 80747K, capacity 84064K, committed 84352K, reserved 1122304K
  class space    used 10520K, capacity 11561K, committed 11648K, reserved 1048576K
}
Event: 70.874 GC heap before
{Heap before GC invocations=93 (full 0):
 garbage-first heap   total 173056K, used 143997K [0x00000000a0000000, 0x0000000100000000)
  region size 1024K, 13 young (13312K), 2 survivors (2048K)
 Metaspace       used 81029K, capacity 84397K, committed 84608K, reserved 1122304K
  class space    used 10550K, capacity 11589K, committed 11648K, reserved 1048576K
}
Event: 70.885 GC heap after
{Heap after GC invocations=94 (full 0):
 garbage-first heap   total 173056K, used 135528K [0x00000000a0000000, 0x0000000100000000)
  region size 1024K, 2 young (2048K), 2 survivors (2048K)
 Metaspace       used 81029K, capacity 84397K, committed 84608K, reserved 1122304K
  class space    used 10550K, capacity 11589K, committed 11648K, reserved 1048576K
}
Event: 71.128 GC heap before
{Heap before GC invocations=94 (full 0):
 garbage-first heap   total 173056K, used 144744K [0x00000000a0000000, 0x0000000100000000)
  region size 1024K, 12 young (12288K), 2 survivors (2048K)
 Metaspace       used 81159K, capacity 84583K, committed 84608K, reserved 1122304K
  class space    used 10567K, capacity 11626K, committed 11648K, reserved 1048576K
}
Event: 71.138 GC heap after
{Heap after GC invocations=95 (full 0):
 garbage-first heap   total 173056K, used 138567K [0x00000000a0000000, 0x0000000100000000)
  region size 1024K, 2 young (2048K), 2 survivors (2048K)
 Metaspace       used 81159K, capacity 84583K, committed 84608K, reserved 1122304K
  class space    used 10567K, capacity 11626K, committed 11648K, reserved 1048576K
}
Event: 71.254 GC heap before
{Heap before GC invocations=96 (full 0):
 garbage-first heap   total 173056K, used 146759K [0x00000000a0000000, 0x0000000100000000)
  region size 1024K, 10 young (10240K), 2 survivors (2048K)
 Metaspace       used 81298K, capacity 84723K, committed 84864K, reserved 1122304K
  class space    used 10578K, capacity 11628K, committed 11648K, reserved 1048576K
}
Event: 71.265 GC heap after
{Heap after GC invocations=97 (full 0):
 garbage-first heap   total 246784K, used 141015K [0x00000000a0000000, 0x0000000100000000)
  region size 1024K, 2 young (2048K), 2 survivors (2048K)
 Metaspace       used 81298K, capacity 84723K, committed 84864K, reserved 1122304K
  class space    used 10578K, capacity 11628K, committed 11648K, reserved 1048576K
}
Event: 71.972 GC heap before
{Heap before GC invocations=97 (full 0):
 garbage-first heap   total 246784K, used 170711K [0x00000000a0000000, 0x0000000100000000)
  region size 1024K, 31 young (31744K), 2 survivors (2048K)
 Metaspace       used 82358K, capacity 85834K, committed 86144K, reserved 1124352K
  class space    used 10724K, capacity 11799K, committed 11904K, reserved 1048576K
}
Event: 71.982 GC heap after
{Heap after GC invocations=98 (full 0):
 garbage-first heap   total 246784K, used 144738K [0x00000000a0000000, 0x0000000100000000)
  region size 1024K, 4 young (4096K), 4 survivors (4096K)
 Metaspace       used 82358K, capacity 85834K, committed 86144K, reserved 1124352K
  class space    used 10724K, capacity 11799K, committed 11904K, reserved 1048576K
}
Event: 73.900 GC heap before
{Heap before GC invocations=98 (full 0):
 garbage-first heap   total 246784K, used 175458K [0x00000000a0000000, 0x0000000100000000)
  region size 1024K, 34 young (34816K), 4 survivors (4096K)
 Metaspace       used 82879K, capacity 86394K, committed 86528K, reserved 1124352K
  class space    used 10814K, capacity 11923K, committed 12032K, reserved 1048576K
}
Event: 73.907 GC heap after
{Heap after GC invocations=99 (full 0):
 garbage-first heap   total 246784K, used 147885K [0x00000000a0000000, 0x0000000100000000)
  region size 1024K, 5 young (5120K), 5 survivors (5120K)
 Metaspace       used 82879K, capacity 86394K, committed 86528K, reserved 1124352K
  class space    used 10814K, capacity 11923K, committed 12032K, reserved 1048576K
}

