# JRE version: OpenJDK Runtime Environment (11.0.12+7) (build 11.0.12+7-b1504.28-7817840)
# Java VM: OpenJDK 64-Bit Server VM (11.0.12+7-b1504.28-7817840, mixed mode, tiered, compressed oops, g1 gc, windows-amd64)
Heap:
 garbage-first heap   total 337920K, used 134774K [0x00000000a0000000, 0x0000000100000000)
  region size 1024K, 3 young (3072K), 3 survivors (3072K)
 Metaspace       used 85837K, capacity 88925K, committed 89216K, reserved 1126400K
  class space    used 10822K, capacity 11806K, committed 11904K, reserved 1048576K
GC Heap History (20 events):
Event: 109.380 GC heap after
{Heap after GC invocations=138 (full 0):
 garbage-first heap   total 139264K, used 131886K [0x00000000a0000000, 0x0000000100000000)
  region size 1024K, 1 young (1024K), 1 survivors (1024K)
 Metaspace       used 85812K, capacity 88925K, committed 89216K, reserved 1126400K
  class space    used 10822K, capacity 11806K, committed 11904K, reserved 1048576K
}
Event: 109.402 GC heap before
{Heap before GC invocations=138 (full 0):
 garbage-first heap   total 139264K, used 135982K [0x00000000a0000000, 0x0000000100000000)
  region size 1024K, 6 young (6144K), 1 survivors (1024K)
 Metaspace       used 85813K, capacity 88925K, committed 89216K, reserved 1126400K
  class space    used 10822K, capacity 11806K, committed 11904K, reserved 1048576K
}
Event: 109.404 GC heap after
{Heap after GC invocations=139 (full 0):
 garbage-first heap   total 139264K, used 131984K [0x00000000a0000000, 0x0000000100000000)
  region size 1024K, 1 young (1024K), 1 survivors (1024K)
 Metaspace       used 85813K, capacity 88925K, committed 89216K, reserved 1126400K
  class space    used 10822K, capacity 11806K, committed 11904K, reserved 1048576K
}
Event: 109.427 GC heap before
{Heap before GC invocations=139 (full 0):
 garbage-first heap   total 139264K, used 136080K [0x00000000a0000000, 0x0000000100000000)
  region size 1024K, 7 young (7168K), 1 survivors (1024K)
 Metaspace       used 85815K, capacity 88925K, committed 89216K, reserved 1126400K
  class space    used 10822K, capacity 11806K, committed 11904K, reserved 1048576K
}
Event: 109.429 GC heap after
{Heap after GC invocations=140 (full 0):
 garbage-first heap   total 140288K, used 132218K [0x00000000a0000000, 0x0000000100000000)
  region size 1024K, 1 young (1024K), 1 survivors (1024K)
 Metaspace       used 85815K, capacity 88925K, committed 89216K, reserved 1126400K
  class space    used 10822K, capacity 11806K, committed 11904K, reserved 1048576K
}
Event: 109.450 GC heap before
{Heap before GC invocations=140 (full 0):
 garbage-first heap   total 140288K, used 136314K [0x00000000a0000000, 0x0000000100000000)
  region size 1024K, 6 young (6144K), 1 survivors (1024K)
 Metaspace       used 85816K, capacity 88925K, committed 89216K, reserved 1126400K
  class space    used 10822K, capacity 11806K, committed 11904K, reserved 1048576K
}
Event: 109.451 GC heap after
{Heap after GC invocations=141 (full 0):
 garbage-first heap   total 140288K, used 132231K [0x00000000a0000000, 0x0000000100000000)
  region size 1024K, 1 young (1024K), 1 survivors (1024K)
 Metaspace       used 85816K, capacity 88925K, committed 89216K, reserved 1126400K
  class space    used 10822K, capacity 11806K, committed 11904K, reserved 1048576K
}
Event: 109.471 GC heap before
{Heap before GC invocations=141 (full 0):
 garbage-first heap   total 140288K, used 136327K [0x00000000a0000000, 0x0000000100000000)
  region size 1024K, 6 young (6144K), 1 survivors (1024K)
 Metaspace       used 85816K, capacity 88925K, committed 89216K, reserved 1126400K
  class space    used 10822K, capacity 11806K, committed 11904K, reserved 1048576K
}
Event: 109.472 GC heap after
{Heap after GC invocations=142 (full 0):
 garbage-first heap   total 140288K, used 132427K [0x00000000a0000000, 0x0000000100000000)
  region size 1024K, 1 young (1024K), 1 survivors (1024K)
 Metaspace       used 85816K, capacity 88925K, committed 89216K, reserved 1126400K
  class space    used 10822K, capacity 11806K, committed 11904K, reserved 1048576K
}
Event: 109.504 GC heap before
{Heap before GC invocations=142 (full 0):
 garbage-first heap   total 140288K, used 137547K [0x00000000a0000000, 0x0000000100000000)
  region size 1024K, 6 young (6144K), 1 survivors (1024K)
 Metaspace       used 85816K, capacity 88925K, committed 89216K, reserved 1126400K
  class space    used 10822K, capacity 11806K, committed 11904K, reserved 1048576K
}
Event: 109.506 GC heap after
{Heap after GC invocations=143 (full 0):
 garbage-first heap   total 140288K, used 132409K [0x00000000a0000000, 0x0000000100000000)
  region size 1024K, 1 young (1024K), 1 survivors (1024K)
 Metaspace       used 85816K, capacity 88925K, committed 89216K, reserved 1126400K
  class space    used 10822K, capacity 11806K, committed 11904K, reserved 1048576K
}
Event: 109.524 GC heap before
{Heap before GC invocations=143 (full 0):
 garbage-first heap   total 140288K, used 136505K [0x00000000a0000000, 0x0000000100000000)
  region size 1024K, 6 young (6144K), 1 survivors (1024K)
 Metaspace       used 85817K, capacity 88925K, committed 89216K, reserved 1126400K
  class space    used 10822K, capacity 11806K, committed 11904K, reserved 1048576K
}
Event: 109.528 GC heap after
{Heap after GC invocations=144 (full 0):
 garbage-first heap   total 191488K, used 132466K [0x00000000a0000000, 0x0000000100000000)
  region size 1024K, 1 young (1024K), 1 survivors (1024K)
 Metaspace       used 85817K, capacity 88925K, committed 89216K, reserved 1126400K
  class space    used 10822K, capacity 11806K, committed 11904K, reserved 1048576K
}
Event: 109.656 GC heap before
{Heap before GC invocations=145 (full 0):
 garbage-first heap   total 191488K, used 158066K [0x00000000a0000000, 0x0000000100000000)
  region size 1024K, 27 young (27648K), 1 survivors (1024K)
 Metaspace       used 85824K, capacity 88925K, committed 89216K, reserved 1126400K
  class space    used 10822K, capacity 11806K, committed 11904K, reserved 1048576K
}
Event: 109.660 GC heap after
{Heap after GC invocations=146 (full 0):
 garbage-first heap   total 191488K, used 134152K [0x00000000a0000000, 0x0000000100000000)
  region size 1024K, 3 young (3072K), 3 survivors (3072K)
 Metaspace       used 85824K, capacity 88925K, committed 89216K, reserved 1126400K
  class space    used 10822K, capacity 11806K, committed 11904K, reserved 1048576K
}
Event: 109.759 GC heap before
{Heap before GC invocations=146 (full 0):
 garbage-first heap   total 191488K, used 158728K [0x00000000a0000000, 0x0000000100000000)
  region size 1024K, 28 young (28672K), 3 survivors (3072K)
 Metaspace       used 85829K, capacity 88925K, committed 89216K, reserved 1126400K
  class space    used 10822K, capacity 11806K, committed 11904K, reserved 1048576K
}
Event: 109.762 GC heap after
{Heap after GC invocations=147 (full 0):
 garbage-first heap   total 191488K, used 134466K [0x00000000a0000000, 0x0000000100000000)
  region size 1024K, 3 young (3072K), 3 survivors (3072K)
 Metaspace       used 85829K, capacity 88925K, committed 89216K, reserved 1126400K
  class space    used 10822K, capacity 11806K, committed 11904K, reserved 1048576K
}
Event: 109.945 GC heap before
{Heap before GC invocations=147 (full 0):
 garbage-first heap   total 191488K, used 159042K [0x00000000a0000000, 0x0000000100000000)
  region size 1024K, 28 young (28672K), 3 survivors (3072K)
 Metaspace       used 85836K, capacity 88925K, committed 89216K, reserved 1126400K
  class space    used 10822K, capacity 11806K, committed 11904K, reserved 1048576K
}
Event: 109.948 GC heap after
{Heap after GC invocations=148 (full 0):
 garbage-first heap   total 191488K, used 133989K [0x00000000a0000000, 0x0000000100000000)
  region size 1024K, 2 young (2048K), 2 survivors (2048K)
 Metaspace       used 85836K, capacity 88925K, committed 89216K, reserved 1126400K
  class space    used 10822K, capacity 11806K, committed 11904K, reserved 1048576K
}
Event: 110.123 GC heap before
{Heap before GC invocations=149 (full 0):
 garbage-first heap   total 191488K, used 160613K [0x00000000a0000000, 0x0000000100000000)
  region size 1024K, 30 young (30720K), 2 survivors (2048K)
 Metaspace       used 85837K, capacity 88925K, committed 89216K, reserved 1126400K
  class space    used 10822K, capacity 11806K, committed 11904K, reserved 1048576K
}

